# JRE version: Java(TM) SE Runtime Environment (8.0_191-b12) (build 1.8.0_191-b12)
# Java VM: Java HotSpot(TM) 64-Bit Server VM (25.191-b12 mixed mode windows-amd64 compressed oops)
Heap:
 PSYoungGen      total 272896K, used 6805K [0x000000076ae00000, 0x0000000780b80000, 0x00000007c0000000)
  eden space 262144K, 2% used [0x000000076ae00000,0x000000076b4a56a0,0x000000077ae00000)
  from space 10752K, 0% used [0x000000077ae00000,0x000000077ae00000,0x000000077b880000)
  to   space 16896K, 0% used [0x000000077fb00000,0x000000077fb00000,0x0000000780b80000)
 ParOldGen       total 113152K, used 20905K [0x00000006c0a00000, 0x00000006c7880000, 0x000000076ae00000)
  object space 113152K, 18% used [0x00000006c0a00000,0x00000006c1e6a590,0x00000006c7880000)
 Metaspace       used 34758K, capacity 35584K, committed 35880K, reserved 1081344K
  class space    used 4589K, capacity 4843K, committed 4904K, reserved 1048576K
GC Heap History (10 events):
Event: 1.811 GC heap before
{Heap before GC invocations=3 (full 0):
 PSYoungGen      total 141824K, used 76081K [0x000000076ae00000, 0x0000000774300000, 0x00000007c0000000)
  eden space 131072K, 50% used [0x000000076ae00000,0x000000076ee93b68,0x0000000772e00000)
  from space 10752K, 92% used [0x0000000773880000,0x0000000774238c80,0x0000000774300000)
  to   space 10752K, 0% used [0x0000000772e00000,0x0000000772e00000,0x0000000773880000)
 ParOldGen       total 175104K, used 24K [0x00000006c0a00000, 0x00000006cb500000, 0x000000076ae00000)
  object space 175104K, 0% used [0x00000006c0a00000,0x00000006c0a06000,0x00000006cb500000)
 Metaspace       used 20768K, capacity 21216K, committed 21296K, reserved 1069056K
  class space    used 2538K, capacity 2684K, committed 2688K, reserved 1048576K
Event: 1.816 GC heap after
Heap after GC invocations=3 (full 0):
 PSYoungGen      total 141824K, used 9931K [0x000000076ae00000, 0x000000077c300000, 0x00000007c0000000)
  eden space 131072K, 0% used [0x000000076ae00000,0x000000076ae00000,0x0000000772e00000)
  from space 10752K, 92% used [0x0000000772e00000,0x00000007737b2ce0,0x0000000773880000)
  to   space 10752K, 0% used [0x000000077b880000,0x000000077b880000,0x000000077c300000)
 ParOldGen       total 175104K, used 32K [0x00000006c0a00000, 0x00000006cb500000, 0x000000076ae00000)
  object space 175104K, 0% used [0x00000006c0a00000,0x00000006c0a08000,0x00000006cb500000)
 Metaspace       used 20768K, capacity 21216K, committed 21296K, reserved 1069056K
  class space    used 2538K, capacity 2684K, committed 2688K, reserved 1048576K
}
Event: 1.816 GC heap before
{Heap before GC invocations=4 (full 1):
 PSYoungGen      total 141824K, used 9931K [0x000000076ae00000, 0x000000077c300000, 0x00000007c0000000)
  eden space 131072K, 0% used [0x000000076ae00000,0x000000076ae00000,0x0000000772e00000)
  from space 10752K, 92% used [0x0000000772e00000,0x00000007737b2ce0,0x0000000773880000)
  to   space 10752K, 0% used [0x000000077b880000,0x000000077b880000,0x000000077c300000)
 ParOldGen       total 175104K, used 32K [0x00000006c0a00000, 0x00000006cb500000, 0x000000076ae00000)
  object space 175104K, 0% used [0x00000006c0a00000,0x00000006c0a08000,0x00000006cb500000)
 Metaspace       used 20768K, capacity 21216K, committed 21296K, reserved 1069056K
  class space    used 2538K, capacity 2684K, committed 2688K, reserved 1048576K
Event: 1.844 GC heap after
Heap after GC invocations=4 (full 1):
 PSYoungGen      total 141824K, used 0K [0x000000076ae00000, 0x000000077c300000, 0x00000007c0000000)
  eden space 131072K, 0% used [0x000000076ae00000,0x000000076ae00000,0x0000000772e00000)
  from space 10752K, 0% used [0x0000000772e00000,0x0000000772e00000,0x0000000773880000)
  to   space 10752K, 0% used [0x000000077b880000,0x000000077b880000,0x000000077c300000)
 ParOldGen       total 113152K, used 9762K [0x00000006c0a00000, 0x00000006c7880000, 0x000000076ae00000)
  object space 113152K, 8% used [0x00000006c0a00000,0x00000006c1388810,0x00000006c7880000)
 Metaspace       used 20768K, capacity 21216K, committed 21296K, reserved 1069056K
  class space    used 2538K, capacity 2684K, committed 2688K, reserved 1048576K
}
Event: 2.933 GC heap before
{Heap before GC invocations=5 (full 1):
 PSYoungGen      total 141824K, used 131072K [0x000000076ae00000, 0x000000077c300000, 0x00000007c0000000)
  eden space 131072K, 100% used [0x000000076ae00000,0x0000000772e00000,0x0000000772e00000)
  from space 10752K, 0% used [0x0000000772e00000,0x0000000772e00000,0x0000000773880000)
  to   space 10752K, 0% used [0x000000077b880000,0x000000077b880000,0x000000077c300000)
 ParOldGen       total 113152K, used 9762K [0x00000006c0a00000, 0x00000006c7880000, 0x000000076ae00000)
  object space 113152K, 8% used [0x00000006c0a00000,0x00000006c1388810,0x00000006c7880000)
 Metaspace       used 34460K, capacity 35232K, committed 35496K, reserved 1079296K
  class space    used 4472K, capacity 4747K, committed 4776K, reserved 1048576K
Event: 2.943 GC heap after
Heap after GC invocations=5 (full 1):
 PSYoungGen      total 197120K, used 10728K [0x000000076ae00000, 0x000000077c300000, 0x00000007c0000000)
  eden space 186368K, 0% used [0x000000076ae00000,0x000000076ae00000,0x0000000776400000)
  from space 10752K, 99% used [0x000000077b880000,0x000000077c2fa2d0,0x000000077c300000)
  to   space 10752K, 0% used [0x000000077ae00000,0x000000077ae00000,0x000000077b880000)
 ParOldGen       total 113152K, used 17598K [0x00000006c0a00000, 0x00000006c7880000, 0x000000076ae00000)
  object space 113152K, 15% used [0x00000006c0a00000,0x00000006c1b2f9f8,0x00000006c7880000)
 Metaspace       used 34460K, capacity 35232K, committed 35496K, reserved 1079296K
  class space    used 4472K, capacity 4747K, committed 4776K, reserved 1048576K
}
Event: 2.968 GC heap before
{Heap before GC invocations=6 (full 1):
 PSYoungGen      total 197120K, used 12891K [0x000000076ae00000, 0x000000077c300000, 0x00000007c0000000)
  eden space 186368K, 1% used [0x000000076ae00000,0x000000076b01cd00,0x0000000776400000)
  from space 10752K, 99% used [0x000000077b880000,0x000000077c2fa2d0,0x000000077c300000)
  to   space 10752K, 0% used [0x000000077ae00000,0x000000077ae00000,0x000000077b880000)
 ParOldGen       total 113152K, used 17598K [0x00000006c0a00000, 0x00000006c7880000, 0x000000076ae00000)
  object space 113152K, 15% used [0x00000006c0a00000,0x00000006c1b2f9f8,0x00000006c7880000)
 Metaspace       used 34555K, capacity 35360K, committed 35496K, reserved 1079296K
  class space    used 4503K, capacity 4747K, committed 4776K, reserved 1048576K
Event: 2.972 GC heap after
Heap after GC invocations=6 (full 1):
 PSYoungGen      total 272896K, used 10744K [0x000000076ae00000, 0x0000000780b80000, 0x00000007c0000000)
  eden space 262144K, 0% used [0x000000076ae00000,0x000000076ae00000,0x000000077ae00000)
  from space 10752K, 99% used [0x000000077ae00000,0x000000077b87e2c0,0x000000077b880000)
  to   space 16896K, 0% used [0x000000077fb00000,0x000000077fb00000,0x0000000780b80000)
 ParOldGen       total 113152K, used 17614K [0x00000006c0a00000, 0x00000006c7880000, 0x000000076ae00000)
  object space 113152K, 15% used [0x00000006c0a00000,0x00000006c1b339f8,0x00000006c7880000)
 Metaspace       used 34555K, capacity 35360K, committed 35496K, reserved 1079296K
  class space    used 4503K, capacity 4747K, committed 4776K, reserved 1048576K
}
Event: 2.972 GC heap before
{Heap before GC invocations=7 (full 2):
 PSYoungGen      total 272896K, used 10744K [0x000000076ae00000, 0x0000000780b80000, 0x00000007c0000000)
  eden space 262144K, 0% used [0x000000076ae00000,0x000000076ae00000,0x000000077ae00000)
  from space 10752K, 99% used [0x000000077ae00000,0x000000077b87e2c0,0x000000077b880000)
  to   space 16896K, 0% used [0x000000077fb00000,0x000000077fb00000,0x0000000780b80000)
 ParOldGen       total 113152K, used 17614K [0x00000006c0a00000, 0x00000006c7880000, 0x000000076ae00000)
  object space 113152K, 15% used [0x00000006c0a00000,0x00000006c1b339f8,0x00000006c7880000)
 Metaspace       used 34555K, capacity 35360K, committed 35496K, reserved 1079296K
  class space    used 4503K, capacity 4747K, committed 4776K, reserved 1048576K
Event: 3.008 GC heap after
Heap after GC invocations=7 (full 2):
 PSYoungGen      total 272896K, used 0K [0x000000076ae00000, 0x0000000780b80000, 0x00000007c0000000)
  eden space 262144K, 0% used [0x000000076ae00000,0x000000076ae00000,0x000000077ae00000)
  from space 10752K, 0% used [0x000000077ae00000,0x000000077ae00000,0x000000077b880000)
  to   space 16896K, 0% used [0x000000077fb00000,0x000000077fb00000,0x0000000780b80000)
 ParOldGen       total 113152K, used 20905K [0x00000006c0a00000, 0x00000006c7880000, 0x000000076ae00000)
  object space 113152K, 18% used [0x00000006c0a00000,0x00000006c1e6a590,0x00000006c7880000)
 Metaspace       used 34555K, capacity 35360K, committed 35496K, reserved 1079296K
  class space    used 4503K, capacity 4747K, committed 4776K, reserved 1048576K
}

